<?xml version="1.0" encoding="UTF-8"?>
<!-- Generated by org.testng.reporters.JUnitXMLReporter -->
<testsuite hostname="Aditya" ignored="0" name="Default test" tests="4" failures="0" timestamp="2020-12-12T15:33:56 IST" time="323.122" errors="0">
  <testcase name="createNewContact" time="19.971" classname="com.crm.qa.testcases.ContactsPageTest"/>
  <testcase name="createNewContact" time="12.6" classname="com.crm.qa.testcases.ContactsPageTest"/>
  <testcase name="createNewContact" time="14.9" classname="com.crm.qa.testcases.ContactsPageTest"/>
  <testcase name="createNewContact" time="14.461" classname="com.crm.qa.testcases.ContactsPageTest"/>
</testsuite> <!-- Default test -->
