<?xml version="1.0" encoding="UTF-8"?>
<!-- Generated by org.testng.reporters.JUnitXMLReporter -->
<testsuite hostname="Aditya" ignored="0" name="Free CRM Test Cases" tests="6" failures="0" timestamp="2020-12-07T21:28:00 IST" time="214.21" errors="0">
  <testcase name="loginPageTitleTest" time="0.084" classname="com.crm.qa.testcases.LoginPageTest"/>
  <testcase name="loginButtonFunctionalityTest" time="4.553" classname="com.crm.qa.testcases.LoginPageTest"/>
  <testcase name="checkForgotButtonLinkTest" time="0.253" classname="com.crm.qa.testcases.LoginPageTest"/>
  <testcase name="ForgotButtonFunctionalityTest" time="2.872" classname="com.crm.qa.testcases.LoginPageTest"/>
  <testcase name="validateSignUpButtonLinkTest" time="0.099" classname="com.crm.qa.testcases.LoginPageTest"/>
  <testcase name="validateSignUplinkFunctionalityTest" time="5.644" classname="com.crm.qa.testcases.LoginPageTest"/>
</testsuite> <!-- Free CRM Test Cases -->
